<?xml version="1.0" encoding="UTF-8"?>
<!-- Generated by org.testng.reporters.JUnitReportReporter -->
<testsuite hostname="LAPTOP-0SSNR9QF" failures="0" tests="4" name="automation.testsuite.Day13_Homework" time="20.058" errors="0" timestamp="2025-08-15T15:48:00 ICT" skipped="0">
  <testcase classname="automation.testsuite.Day13_Homework" name="loginSuccess" time="4.796"/>
  <testcase classname="automation.testsuite.Day13_Homework" name="loginFailWrongBoth" time="5.508"/>
  <testcase classname="automation.testsuite.Day13_Homework" name="loginFailWrongEmail" time="4.863"/>
  <testcase classname="automation.testsuite.Day13_Homework" name="loginFailWrongPassword" time="4.891"/>
</testsuite> <!-- automation.testsuite.Day13_Homework -->
