<?xml version="1.0" encoding="UTF-8"?>
<!-- Generated by org.testng.reporters.JUnitReportReporter -->
<testsuite hostname="LAPTOP-0SSNR9QF" failures="0" tests="1" name="automation.testsuite.Day16_Homework2" time="16.151" errors="0" timestamp="2025-09-01T21:54:50 ICT" skipped="0">
  <testcase classname="automation.testsuite.Day16_Homework2" name="verifyAlertMessage" time="16.151"/>
</testsuite> <!-- automation.testsuite.Day16_Homework2 -->
