<?xml version="1.0" encoding="UTF-8"?>
<!-- Generated by org.testng.reporters.JUnitReportReporter -->
<testsuite hostname="LAPTOP-0SSNR9QF" failures="0" tests="2" name="automation.testsuite.Day16_AlertPractive1" time="8.943" errors="0" timestamp="2025-08-27T21:08:51 ICT" skipped="0">
  <testcase classname="automation.testsuite.Day16_AlertPractive1" name="HandleAlertWithOkAndCancel" time="3.701"/>
  <testcase classname="automation.testsuite.Day16_AlertPractive1" name="HandleAlertWithTextBox" time="5.242"/>
</testsuite> <!-- automation.testsuite.Day16_AlertPractive1 -->
