<?xml version="1.0" encoding="UTF-8"?>
<!-- Generated by org.testng.reporters.JUnitReportReporter -->
<testsuite hostname="LAPTOP-0SSNR9QF" failures="0" tests="4" name="automation.testsuite.Day8_Practice" time="14.050" errors="0" timestamp="2025-07-27T21:33:24 ICT" skipped="0">
  <testcase classname="automation.testsuite.Day8_Practice" name="getElementById" time="2.982"/>
  <testcase classname="automation.testsuite.Day8_Practice" name="getElementByPartialLinkText" time="5.392"/>
  <testcase classname="automation.testsuite.Day8_Practice" name="getElementByName" time="2.321"/>
  <testcase classname="automation.testsuite.Day8_Practice" name="getElementByLinkText" time="3.355"/>
</testsuite> <!-- automation.testsuite.Day8_Practice -->
