<?xml version="1.0" encoding="UTF-8"?>
<!-- Generated by org.testng.reporters.JUnitReportReporter -->
<testsuite hostname="LAPTOP-0SSNR9QF" failures="0" tests="3" name="automation.testsuite.Day17_IframePractice" time="29.044" errors="0" timestamp="2025-09-07T20:50:54 ICT" skipped="0">
  <testcase classname="automation.testsuite.Day17_IframePractice" name="handleIframe" time="6.007"/>
  <testcase classname="automation.testsuite.Day17_IframePractice" name="handleIframe" time="13.619"/>
  <testcase classname="automation.testsuite.Day17_IframePractice" name="handleIframe" time="9.418"/>
</testsuite> <!-- automation.testsuite.Day17_IframePractice -->
