<?xml version="1.0" encoding="UTF-8"?>
<!-- Generated by org.testng.reporters.JUnitReportReporter -->
<testsuite hostname="LAPTOP-0SSNR9QF" failures="0" tests="3" name="automation.testsuite.Day14_Homework" time="38.484" errors="0" timestamp="2025-08-19T22:47:46 ICT" skipped="0">
  <testcase classname="automation.testsuite.Day14_Homework" name="testRegister" time="2.321"/>
  <testcase classname="automation.testsuite.Day14_Homework" name="testUpdatePassword" time="15.060"/>
  <testcase classname="automation.testsuite.Day14_Homework" name="testLoginWithNewPassword" time="21.103"/>
</testsuite> <!-- automation.testsuite.Day14_Homework -->
