<?xml version="1.0" encoding="UTF-8"?>
<!-- Generated by org.testng.reporters.JUnitReportReporter -->
<testsuite hostname="LAPTOP-0SSNR9QF" failures="0" tests="1" name="automation.testsuite.Day12_Homework" time="8.502" errors="0" timestamp="2025-08-12T14:46:58 ICT" skipped="0">
  <testcase classname="automation.testsuite.Day12_Homework" name="handleDropdownList" time="8.502"/>
</testsuite> <!-- automation.testsuite.Day12_Homework -->
