<?xml version="1.0" encoding="UTF-8"?>
<!-- Generated by org.testng.reporters.JUnitReportReporter -->
<testsuite hostname="LAPTOP-0SSNR9QF" failures="0" tests="1" name="automation.testsuite.Day12_HandleCheckbox" time="9.275" errors="0" timestamp="2025-08-10T19:47:34 ICT" skipped="0">
  <testcase classname="automation.testsuite.Day12_HandleCheckbox" name="chooseHobbies" time="9.275"/>
</testsuite> <!-- automation.testsuite.Day12_HandleCheckbox -->
