<?xml version="1.0" encoding="UTF-8"?>
<!-- Generated by org.testng.reporters.JUnitReportReporter -->
<testsuite hostname="LAPTOP-0SSNR9QF" failures="0" tests="1" name="automation.testsuite.Day17_PopupWindowPractice" time="7.276" errors="0" timestamp="2025-09-03T20:03:04 ICT" skipped="0">
  <testcase classname="automation.testsuite.Day17_PopupWindowPractice" name="HandleWindow" time="7.276"/>
</testsuite> <!-- automation.testsuite.Day17_PopupWindowPractice -->
