<?xml version="1.0" encoding="UTF-8"?>
<!-- Generated by org.testng.reporters.JUnitReportReporter -->
<testsuite hostname="LAPTOP-0SSNR9QF" failures="0" tests="3" name="automation.testsuite.Day12_RadioButton" time="19.296" errors="0" timestamp="2025-08-10T20:09:08 ICT" skipped="0">
  <testcase classname="automation.testsuite.Day12_RadioButton" name="choseOther" time="7.704"/>
  <testcase classname="automation.testsuite.Day12_RadioButton" name="choseMale" time="5.204"/>
  <testcase classname="automation.testsuite.Day12_RadioButton" name="choseFemale" time="6.388"/>
</testsuite> <!-- automation.testsuite.Day12_RadioButton -->
