<?xml version="1.0" encoding="UTF-8"?>
<!-- Generated by org.testng.reporters.JUnitReportReporter -->
<testsuite hostname="LAPTOP-0SSNR9QF" failures="0" tests="5" name="automation.testsuite.Day8_homework" time="41.568" errors="0" timestamp="2025-07-28T16:00:52 ICT" skipped="0">
  <testcase classname="automation.testsuite.Day8_homework" name="getElementByClassName" time="13.660"/>
  <testcase classname="automation.testsuite.Day8_homework" name="getElementByPartialLinkText" time="3.896"/>
  <testcase classname="automation.testsuite.Day8_homework" name="getElementByTagName" time="3.890"/>
  <testcase classname="automation.testsuite.Day8_homework" name="getElementByName" time="15.358"/>
  <testcase classname="automation.testsuite.Day8_homework" name="getElementByLinkText" time="4.764"/>
</testsuite> <!-- automation.testsuite.Day8_homework -->
