<?xml version="1.0" encoding="UTF-8"?>
<!-- Generated by org.testng.reporters.JUnitReportReporter -->
<testsuite hostname="LAPTOP-0SSNR9QF" failures="0" tests="2" name="automation.testsuite.Alada_LoginLogout_Test" time="13.375" errors="0" timestamp="2025-08-17T21:20:47 ICT" skipped="0">
  <testcase classname="automation.testsuite.Alada_LoginLogout_Test" name="LoginSuccessfully" time="6.152"/>
  <testcase classname="automation.testsuite.Alada_LoginLogout_Test" name="LogoutSuccessfully" time="7.223"/>
</testsuite> <!-- automation.testsuite.Alada_LoginLogout_Test -->
