<?xml version="1.0" encoding="UTF-8"?>
<!-- Generated by org.testng.reporters.JUnitReportReporter -->
<testsuite hostname="LAPTOP-0SSNR9QF" failures="0" tests="1" name="automation.testsuite.BTVN_Day7" time="4.949" errors="0" timestamp="2025-07-22T14:15:26 ICT" skipped="0">
  <testcase classname="automation.testsuite.BTVN_Day7" name="NhanVien" time="4.949"/>
</testsuite> <!-- automation.testsuite.BTVN_Day7 -->
