<?xml version="1.0" encoding="UTF-8"?>
<!-- Generated by org.testng.reporters.JUnitReportReporter -->
<testsuite hostname="LAPTOP-0SSNR9QF" failures="0" tests="4" name="automation.testsuite.LoginTest" time="14.094" errors="0" timestamp="2025-08-15T14:01:05 ICT" skipped="0">
  <testcase classname="automation.testsuite.LoginTest" name="loginFailWithUsernameFalse" time="3.194"/>
  <testcase classname="automation.testsuite.LoginTest" name="loginFailWithPasswordFalse" time="4.492"/>
  <testcase classname="automation.testsuite.LoginTest" name="loginFailWithBlank" time="3.380"/>
  <testcase classname="automation.testsuite.LoginTest" name="loginSuccessfully" time="3.028"/>
</testsuite> <!-- automation.testsuite.LoginTest -->
