<?xml version="1.0" encoding="UTF-8"?>
<!-- Generated by org.testng.reporters.JUnitReportReporter -->
<testsuite hostname="LAPTOP-0SSNR9QF" failures="0" tests="1" name="automation.testsuite.Day17_IframePractice" time="5.049" errors="0" timestamp="2025-09-03T21:14:27 ICT" skipped="0">
  <testcase classname="automation.testsuite.Day17_IframePractice" name="handleIframe" time="5.049"/>
</testsuite> <!-- automation.testsuite.Day17_IframePractice -->
