<?xml version="1.0" encoding="UTF-8"?>
<!-- Generated by org.testng.reporters.JUnitReportReporter -->
<testsuite hostname="LAPTOP-0SSNR9QF" failures="0" tests="3" name="automation.testsuite.Day18_Homework2" time="27.811" errors="0" timestamp="2025-09-08T22:35:03 ICT" skipped="0">
  <testcase classname="automation.testsuite.Day18_Homework2" name="checkZaloLink" time="7.834"/>
  <testcase classname="automation.testsuite.Day18_Homework2" name="checkZaloLink" time="12.571"/>
  <testcase classname="automation.testsuite.Day18_Homework2" name="checkZaloLink" time="7.406"/>
</testsuite> <!-- automation.testsuite.Day18_Homework2 -->
