<?xml version="1.0" encoding="UTF-8"?>
<!-- Generated by org.testng.reporters.JUnitReportReporter -->
<testsuite hostname="LAPTOP-0SSNR9QF" failures="0" tests="3" name="automation.testsuite.TEDU_UpdatePass_Test" time="25.238" errors="0" timestamp="2025-08-27T19:00:47 ICT" skipped="0">
  <testcase classname="automation.testsuite.TEDU_UpdatePass_Test" name="searchCourseSuccessfully" time="9.522"/>
  <testcase classname="automation.testsuite.TEDU_UpdatePass_Test" name="loginSuccessfully" time="5.601"/>
  <testcase classname="automation.testsuite.TEDU_UpdatePass_Test" name="updatePassSuccessfully" time="10.115"/>
</testsuite> <!-- automation.testsuite.TEDU_UpdatePass_Test -->
