<?xml version="1.0" encoding="UTF-8"?>
<!-- Generated by org.testng.reporters.JUnitReportReporter -->
<testsuite hostname="LAPTOP-0SSNR9QF" failures="0" tests="1" name="automation.testsuite.Day16_AlertPractive2" time="4.259" errors="0" timestamp="2025-08-27T21:24:45 ICT" skipped="0">
  <testcase classname="automation.testsuite.Day16_AlertPractive2" name="DeleleCustomer" time="4.259"/>
</testsuite> <!-- automation.testsuite.Day16_AlertPractive2 -->
