<?xml version="1.0" encoding="UTF-8"?>
<!-- Generated by org.testng.reporters.JUnitReportReporter -->
<testsuite hostname="LAPTOP-0SSNR9QF" failures="0" tests="1" name="automation.testsuite.Day12_HandleCheckbox" time="11.823" errors="0" timestamp="2025-08-09T16:51:12 ICT" skipped="0">
  <testcase classname="automation.testsuite.Day12_HandleCheckbox" name="chooseHobbies" time="11.823"/>
</testsuite> <!-- automation.testsuite.Day12_HandleCheckbox -->
